Mensaje I / 00:00:00:000 / Root(00) para top(01)
Mensaje I / 00:00:00:000 / top(01) para serv(02)
Mensaje I / 00:00:00:000 / top(01) para serverqueue(03)
Mensaje D / 00:00:00:000 / serv(02) / ... para top(01)
Mensaje D / 00:00:00:000 / serverqueue(03) / ... para top(01)
Mensaje D / 00:00:00:000 / top(01) / ... para Root(00)
Mensaje X / 00:00:10:000 / Root(00) / inc /      1.00000 para top(01)
Mensaje X / 00:00:10:000 / top(01) / in /      1.00000 para serverqueue(03)
Mensaje D / 00:00:10:000 / serverqueue(03) / 00:00:00:010 para top(01)
Mensaje D / 00:00:10:000 / top(01) / 00:00:00:010 para Root(00)
Mensaje * / 00:00:10:010 / Root(00) para top(01)
Mensaje * / 00:00:10:010 / top(01) para serverqueue(03)
Mensaje Y / 00:00:10:010 / serverqueue(03) / out /      1.00000 para top(01)
Mensaje D / 00:00:10:010 / serverqueue(03) / ... para top(01)
Mensaje X / 00:00:10:010 / top(01) / in /      1.00000 para serv(02)
Mensaje D / 00:00:10:010 / serv(02) / 00:00:09:975 para top(01)
Mensaje D / 00:00:10:010 / top(01) / 00:00:09:975 para Root(00)
Mensaje X / 00:00:15:000 / Root(00) / inc /      2.00000 para top(01)
Mensaje X / 00:00:15:000 / top(01) / in /      2.00000 para serverqueue(03)
Mensaje D / 00:00:15:000 / serverqueue(03) / ... para top(01)
Mensaje D / 00:00:15:000 / top(01) / 00:00:04:985 para Root(00)
Mensaje X / 00:00:16:000 / Root(00) / inc /      3.00000 para top(01)
Mensaje X / 00:00:16:000 / top(01) / in /      3.00000 para serverqueue(03)
Mensaje D / 00:00:16:000 / serverqueue(03) / ... para top(01)
Mensaje D / 00:00:16:000 / top(01) / 00:00:03:985 para Root(00)
Mensaje * / 00:00:19:985 / Root(00) para top(01)
Mensaje * / 00:00:19:985 / top(01) para serv(02)
Mensaje Y / 00:00:19:985 / serv(02) / out /      1.00000 para top(01)
Mensaje D / 00:00:19:985 / serv(02) / ... para top(01)
Mensaje Y / 00:00:19:985 / top(01) / outs /      1.00000 para Root(00)
Mensaje X / 00:00:19:985 / top(01) / done /      1.00000 para serverqueue(03)
Mensaje D / 00:00:19:985 / serverqueue(03) / 00:00:00:010 para top(01)
Mensaje D / 00:00:19:985 / top(01) / 00:00:00:010 para Root(00)
Mensaje * / 00:00:19:995 / Root(00) para top(01)
Mensaje * / 00:00:19:995 / top(01) para serverqueue(03)
Mensaje Y / 00:00:19:995 / serverqueue(03) / out /      2.00000 para top(01)
Mensaje D / 00:00:19:995 / serverqueue(03) / ... para top(01)
Mensaje X / 00:00:19:995 / top(01) / in /      2.00000 para serv(02)
Mensaje D / 00:00:19:995 / serv(02) / 00:00:07:592 para top(01)
Mensaje D / 00:00:19:995 / top(01) / 00:00:07:592 para Root(00)
Mensaje * / 00:00:27:587 / Root(00) para top(01)
Mensaje * / 00:00:27:587 / top(01) para serv(02)
Mensaje Y / 00:00:27:587 / serv(02) / out /      2.00000 para top(01)
Mensaje D / 00:00:27:587 / serv(02) / ... para top(01)
Mensaje Y / 00:00:27:587 / top(01) / outs /      2.00000 para Root(00)
Mensaje X / 00:00:27:587 / top(01) / done /      2.00000 para serverqueue(03)
Mensaje D / 00:00:27:587 / serverqueue(03) / 00:00:00:010 para top(01)
Mensaje D / 00:00:27:587 / top(01) / 00:00:00:010 para Root(00)
Mensaje * / 00:00:27:597 / Root(00) para top(01)
Mensaje * / 00:00:27:597 / top(01) para serverqueue(03)
Mensaje Y / 00:00:27:597 / serverqueue(03) / out /      3.00000 para top(01)
Mensaje D / 00:00:27:597 / serverqueue(03) / ... para top(01)
Mensaje X / 00:00:27:597 / top(01) / in /      3.00000 para serv(02)
Mensaje D / 00:00:27:597 / serv(02) / 00:00:07:915 para top(01)
Mensaje D / 00:00:27:597 / top(01) / 00:00:07:915 para Root(00)
Mensaje * / 00:00:35:512 / Root(00) para top(01)
Mensaje * / 00:00:35:512 / top(01) para serv(02)
Mensaje Y / 00:00:35:512 / serv(02) / out /      3.00000 para top(01)
Mensaje D / 00:00:35:512 / serv(02) / ... para top(01)
Mensaje Y / 00:00:35:512 / top(01) / outs /      3.00000 para Root(00)
Mensaje X / 00:00:35:512 / top(01) / done /      3.00000 para serverqueue(03)
Mensaje D / 00:00:35:512 / serverqueue(03) / ... para top(01)
Mensaje D / 00:00:35:512 / top(01) / ... para Root(00)
Mensaje X / 00:00:40:000 / Root(00) / inc /      4.00000 para top(01)
Mensaje X / 00:00:40:000 / top(01) / in /      4.00000 para serverqueue(03)
Mensaje D / 00:00:40:000 / serverqueue(03) / 00:00:00:010 para top(01)
Mensaje D / 00:00:40:000 / top(01) / 00:00:00:010 para Root(00)
Mensaje * / 00:00:40:010 / Root(00) para top(01)
Mensaje * / 00:00:40:010 / top(01) para serverqueue(03)
Mensaje Y / 00:00:40:010 / serverqueue(03) / out /      4.00000 para top(01)
Mensaje D / 00:00:40:010 / serverqueue(03) / ... para top(01)
Mensaje X / 00:00:40:010 / top(01) / in /      4.00000 para serv(02)
Mensaje D / 00:00:40:010 / serv(02) / 00:00:10:070 para top(01)
Mensaje D / 00:00:40:010 / top(01) / 00:00:10:070 para Root(00)
Mensaje * / 00:00:50:080 / Root(00) para top(01)
Mensaje * / 00:00:50:080 / top(01) para serv(02)
Mensaje Y / 00:00:50:080 / serv(02) / out /      4.00000 para top(01)
Mensaje D / 00:00:50:080 / serv(02) / ... para top(01)
Mensaje Y / 00:00:50:080 / top(01) / outs /      4.00000 para Root(00)
Mensaje X / 00:00:50:080 / top(01) / done /      4.00000 para serverqueue(03)
Mensaje D / 00:00:50:080 / serverqueue(03) / ... para top(01)
Mensaje D / 00:00:50:080 / top(01) / ... para Root(00)
Mensaje X / 00:01:40:000 / Root(00) / inc /      5.00000 para top(01)
Mensaje X / 00:01:40:000 / top(01) / in /      5.00000 para serverqueue(03)
Mensaje D / 00:01:40:000 / serverqueue(03) / 00:00:00:010 para top(01)
Mensaje D / 00:01:40:000 / top(01) / 00:00:00:010 para Root(00)
Mensaje * / 00:01:40:010 / Root(00) para top(01)
Mensaje * / 00:01:40:010 / top(01) para serverqueue(03)
Mensaje Y / 00:01:40:010 / serverqueue(03) / out /      5.00000 para top(01)
Mensaje D / 00:01:40:010 / serverqueue(03) / ... para top(01)
Mensaje X / 00:01:40:010 / top(01) / in /      5.00000 para serv(02)
Mensaje D / 00:01:40:010 / serv(02) / 00:00:08:365 para top(01)
Mensaje D / 00:01:40:010 / top(01) / 00:00:08:365 para Root(00)
Mensaje * / 00:01:48:375 / Root(00) para top(01)
Mensaje * / 00:01:48:375 / top(01) para serv(02)
Mensaje Y / 00:01:48:375 / serv(02) / out /      5.00000 para top(01)
Mensaje D / 00:01:48:375 / serv(02) / ... para top(01)
Mensaje Y / 00:01:48:375 / top(01) / outs /      5.00000 para Root(00)
Mensaje X / 00:01:48:375 / top(01) / done /      5.00000 para serverqueue(03)
Mensaje D / 00:01:48:375 / serverqueue(03) / ... para top(01)
Mensaje D / 00:01:48:375 / top(01) / ... para Root(00)
