Mensaje I / 00:00:00:000 / Root(00) para top(01)
Mensaje I / 00:00:00:000 / top(01) para trans(02)
Mensaje D / 00:00:00:000 / trans(02) / ... para top(01)
Mensaje D / 00:00:00:000 / top(01) / ... para Root(00)
Mensaje X / 00:00:10:000 / Root(00) / inapp /      1.00000 para top(01)
Mensaje X / 00:00:10:000 / top(01) / inapp /      1.00000 para trans(02)
Mensaje D / 00:00:10:000 / trans(02) / 00:00:01:000 para top(01)
Mensaje D / 00:00:10:000 / top(01) / 00:00:01:000 para Root(00)
Mensaje * / 00:00:11:000 / Root(00) para top(01)
Mensaje * / 00:00:11:000 / top(01) para trans(02)
Mensaje Y / 00:00:11:000 / trans(02) / outgateway1 /      1.00000 para top(01)
Mensaje D / 00:00:11:000 / trans(02) / ... para top(01)
Mensaje Y / 00:00:11:000 / top(01) / outgateway1 /      1.00000 para Root(00)
Mensaje D / 00:00:11:000 / top(01) / ... para Root(00)
Mensaje X / 00:00:30:000 / Root(00) / position /      2.00000 para top(01)
Mensaje X / 00:00:30:000 / top(01) / position /      2.00000 para trans(02)
Mensaje D / 00:00:30:000 / trans(02) / 00:00:00:000 para top(01)
Mensaje D / 00:00:30:000 / top(01) / 00:00:00:000 para Root(00)
Mensaje * / 00:00:30:000 / Root(00) para top(01)
Mensaje * / 00:00:30:000 / top(01) para trans(02)
Mensaje Y / 00:00:30:000 / trans(02) / positionset2 /      2.00000 para top(01)
Mensaje D / 00:00:30:000 / trans(02) / ... para top(01)
Mensaje Y / 00:00:30:000 / top(01) / positionset2 /      2.00000 para Root(00)
Mensaje D / 00:00:30:000 / top(01) / ... para Root(00)
Mensaje X / 00:00:40:000 / Root(00) / inapp /      3.00000 para top(01)
Mensaje X / 00:00:40:000 / top(01) / inapp /      3.00000 para trans(02)
Mensaje D / 00:00:40:000 / trans(02) / 00:00:01:000 para top(01)
Mensaje D / 00:00:40:000 / top(01) / 00:00:01:000 para Root(00)
Mensaje * / 00:00:41:000 / Root(00) para top(01)
Mensaje * / 00:00:41:000 / top(01) para trans(02)
Mensaje Y / 00:00:41:000 / trans(02) / outgateway2 /      3.00000 para top(01)
Mensaje D / 00:00:41:000 / trans(02) / ... para top(01)
Mensaje Y / 00:00:41:000 / top(01) / outgateway2 /      3.00000 para Root(00)
Mensaje D / 00:00:41:000 / top(01) / ... para Root(00)
Mensaje X / 00:00:50:000 / Root(00) / ingateway /      4.00000 para top(01)
Mensaje X / 00:00:50:000 / top(01) / ingateway /      4.00000 para trans(02)
Mensaje D / 00:00:50:000 / trans(02) / 00:00:01:000 para top(01)
Mensaje D / 00:00:50:000 / top(01) / 00:00:01:000 para Root(00)
Mensaje * / 00:00:51:000 / Root(00) para top(01)
Mensaje * / 00:00:51:000 / top(01) para trans(02)
Mensaje Y / 00:00:51:000 / trans(02) / outapp /      4.00000 para top(01)
Mensaje D / 00:00:51:000 / trans(02) / ... para top(01)
Mensaje Y / 00:00:51:000 / top(01) / outapp /      4.00000 para Root(00)
Mensaje D / 00:00:51:000 / top(01) / ... para Root(00)
