Mensaje I / 00:00:00:000 / Root(00) para top(01)
Mensaje I / 00:00:00:000 / top(01) para transq(02)
Mensaje D / 00:00:00:000 / transq(02) / ... para top(01)
Mensaje D / 00:00:00:000 / top(01) / ... para Root(00)
Mensaje X / 00:00:10:000 / Root(00) / inapp /      1.00000 para top(01)
Mensaje X / 00:00:10:000 / top(01) / inapp /      1.00000 para transq(02)
Mensaje D / 00:00:10:000 / transq(02) / 00:00:00:010 para top(01)
Mensaje D / 00:00:10:000 / top(01) / 00:00:00:010 para Root(00)
Mensaje * / 00:00:10:010 / Root(00) para top(01)
Mensaje * / 00:00:10:010 / top(01) para transq(02)
Mensaje Y / 00:00:10:010 / transq(02) / outcobject /      1.00000 para top(01)
Mensaje D / 00:00:10:010 / transq(02) / ... para top(01)
Mensaje Y / 00:00:10:010 / top(01) / outcobject /      1.00000 para Root(00)
Mensaje D / 00:00:10:010 / top(01) / ... para Root(00)
Mensaje X / 00:00:18:000 / Root(00) / ingateway /      2.00000 para top(01)
Mensaje X / 00:00:18:000 / top(01) / ingateway /      2.00000 para transq(02)
Mensaje D / 00:00:18:000 / transq(02) / ... para top(01)
Mensaje D / 00:00:18:000 / top(01) / ... para Root(00)
Mensaje X / 00:00:30:000 / Root(00) / done /      1.00000 para top(01)
Mensaje X / 00:00:30:000 / top(01) / done /      1.00000 para transq(02)
Mensaje D / 00:00:30:000 / transq(02) / 00:00:00:010 para top(01)
Mensaje D / 00:00:30:000 / top(01) / 00:00:00:010 para Root(00)
Mensaje * / 00:00:30:010 / Root(00) para top(01)
Mensaje * / 00:00:30:010 / top(01) para transq(02)
Mensaje Y / 00:00:30:010 / transq(02) / outsobject /      2.00000 para top(01)
Mensaje D / 00:00:30:010 / transq(02) / ... para top(01)
Mensaje Y / 00:00:30:010 / top(01) / outsobject /      2.00000 para Root(00)
Mensaje D / 00:00:30:010 / top(01) / ... para Root(00)
Mensaje X / 00:00:45:000 / Root(00) / position /      3.00000 para top(01)
Mensaje X / 00:00:45:000 / top(01) / position /      3.00000 para transq(02)
Mensaje D / 00:00:45:000 / transq(02) / ... para top(01)
Mensaje D / 00:00:45:000 / top(01) / ... para Root(00)
Mensaje X / 00:00:50:000 / Root(00) / done /      2.00000 para top(01)
Mensaje X / 00:00:50:000 / top(01) / done /      2.00000 para transq(02)
Mensaje D / 00:00:50:000 / transq(02) / 00:00:00:010 para top(01)
Mensaje D / 00:00:50:000 / top(01) / 00:00:00:010 para Root(00)
Mensaje * / 00:00:50:010 / Root(00) para top(01)
Mensaje * / 00:00:50:010 / top(01) para transq(02)
Mensaje Y / 00:00:50:010 / transq(02) / location /      3.00000 para top(01)
Mensaje D / 00:00:50:010 / transq(02) / ... para top(01)
Mensaje Y / 00:00:50:010 / top(01) / location /      3.00000 para Root(00)
Mensaje D / 00:00:50:010 / top(01) / ... para Root(00)
Mensaje X / 00:00:52:000 / Root(00) / done /      3.00000 para top(01)
Mensaje X / 00:00:52:000 / top(01) / done /      3.00000 para transq(02)
Mensaje D / 00:00:52:000 / transq(02) / ... para top(01)
Mensaje D / 00:00:52:000 / top(01) / ... para Root(00)
