Mensaje I / 00:00:00:000 / Root(00) para top(01)
Mensaje I / 00:00:00:000 / top(01) para ts(02)
Mensaje D / 00:00:00:000 / ts(02) / ... para top(01)
Mensaje D / 00:00:00:000 / top(01) / ... para Root(00)
Mensaje X / 00:00:10:000 / Root(00) / insobject /      1.00000 para top(01)
Mensaje X / 00:00:10:000 / top(01) / insobject /      1.00000 para ts(02)
Mensaje D / 00:00:10:000 / ts(02) / 00:00:00:100 para top(01)
Mensaje D / 00:00:10:000 / top(01) / 00:00:00:100 para Root(00)
Mensaje * / 00:00:10:100 / Root(00) para top(01)
Mensaje * / 00:00:10:100 / top(01) para ts(02)
Mensaje Y / 00:00:10:100 / ts(02) / outsobject1 /      1.00000 para top(01)
Mensaje D / 00:00:10:100 / ts(02) / ... para top(01)
Mensaje Y / 00:00:10:100 / top(01) / outsobject1 /      1.00000 para Root(00)
Mensaje D / 00:00:10:100 / top(01) / ... para Root(00)
Mensaje X / 00:00:30:000 / Root(00) / registerclient /      2.00000 para top(01)
Mensaje X / 00:00:30:000 / top(01) / registerclient /      2.00000 para ts(02)
Mensaje D / 00:00:30:000 / ts(02) / 00:00:00:000 para top(01)
Mensaje D / 00:00:30:000 / top(01) / 00:00:00:000 para Root(00)
Mensaje * / 00:00:30:000 / Root(00) para top(01)
Mensaje * / 00:00:30:000 / top(01) para ts(02)
Mensaje Y / 00:00:30:000 / ts(02) / cregistered /      2.00000 para top(01)
Mensaje D / 00:00:30:000 / ts(02) / ... para top(01)
Mensaje Y / 00:00:30:000 / top(01) / cregistered /      2.00000 para Root(00)
Mensaje D / 00:00:30:000 / top(01) / ... para Root(00)
Mensaje X / 00:00:40:000 / Root(00) / insobject /      3.00000 para top(01)
Mensaje X / 00:00:40:000 / top(01) / insobject /      3.00000 para ts(02)
Mensaje D / 00:00:40:000 / ts(02) / 00:00:00:100 para top(01)
Mensaje D / 00:00:40:000 / top(01) / 00:00:00:100 para Root(00)
Mensaje * / 00:00:40:100 / Root(00) para top(01)
Mensaje * / 00:00:40:100 / top(01) para ts(02)
Mensaje Y / 00:00:40:100 / ts(02) / outsobject2 /      3.00000 para top(01)
Mensaje D / 00:00:40:100 / ts(02) / ... para top(01)
Mensaje Y / 00:00:40:100 / top(01) / outsobject2 /      3.00000 para Root(00)
Mensaje D / 00:00:40:100 / top(01) / ... para Root(00)
