Mensaje I / 00:00:00:000 / Root(00) para top(01)
Mensaje I / 00:00:00:000 / top(01) para tc(02)
Mensaje D / 00:00:00:000 / tc(02) / ... para top(01)
Mensaje D / 00:00:00:000 / top(01) / ... para Root(00)
Mensaje X / 00:00:10:000 / Root(00) / incobject /      1.00000 para top(01)
Mensaje X / 00:00:10:000 / top(01) / incobject /      1.00000 para tc(02)
Mensaje D / 00:00:10:000 / tc(02) / 00:00:02:000 para top(01)
Mensaje D / 00:00:10:000 / top(01) / 00:00:02:000 para Root(00)
Mensaje * / 00:00:12:000 / Root(00) para top(01)
Mensaje * / 00:00:12:000 / top(01) para tc(02)
Mensaje Y / 00:00:12:000 / tc(02) / outcobject /      1.00000 para top(01)
Mensaje D / 00:00:12:000 / tc(02) / ... para top(01)
Mensaje Y / 00:00:12:000 / top(01) / outcobject /      1.00000 para Root(00)
Mensaje D / 00:00:12:000 / top(01) / ... para Root(00)
Mensaje X / 00:00:18:000 / Root(00) / incobject /      2.00000 para top(01)
Mensaje X / 00:00:18:000 / top(01) / incobject /      2.00000 para tc(02)
Mensaje D / 00:00:18:000 / tc(02) / 00:00:02:000 para top(01)
Mensaje D / 00:00:18:000 / top(01) / 00:00:02:000 para Root(00)
Mensaje * / 00:00:20:000 / Root(00) para top(01)
Mensaje * / 00:00:20:000 / top(01) para tc(02)
Mensaje Y / 00:00:20:000 / tc(02) / outcobject /      2.00000 para top(01)
Mensaje D / 00:00:20:000 / tc(02) / ... para top(01)
Mensaje Y / 00:00:20:000 / top(01) / outcobject /      2.00000 para Root(00)
Mensaje D / 00:00:20:000 / top(01) / ... para Root(00)
Mensaje X / 00:00:45:000 / Root(00) / incobject /      3.00000 para top(01)
Mensaje X / 00:00:45:000 / top(01) / incobject /      3.00000 para tc(02)
Mensaje D / 00:00:45:000 / tc(02) / 00:00:02:000 para top(01)
Mensaje D / 00:00:45:000 / top(01) / 00:00:02:000 para Root(00)
Mensaje * / 00:00:47:000 / Root(00) para top(01)
Mensaje * / 00:00:47:000 / top(01) para tc(02)
Mensaje Y / 00:00:47:000 / tc(02) / outcobject /      3.00000 para top(01)
Mensaje D / 00:00:47:000 / tc(02) / ... para top(01)
Mensaje Y / 00:00:47:000 / top(01) / outcobject /      3.00000 para Root(00)
Mensaje D / 00:00:47:000 / top(01) / ... para Root(00)
