Mensaje I / 00:00:00:000 / Root(00) para top(01)
Mensaje I / 00:00:00:000 / top(01) para tq(02)
Mensaje D / 00:00:00:000 / tq(02) / ... para top(01)
Mensaje D / 00:00:00:000 / top(01) / ... para Root(00)
Mensaje X / 00:00:10:000 / Root(00) / insobject /      1.00000 para top(01)
Mensaje X / 00:00:10:000 / top(01) / insobject /      1.00000 para tq(02)
Mensaje D / 00:00:10:000 / tq(02) / 00:00:00:010 para top(01)
Mensaje D / 00:00:10:000 / top(01) / 00:00:00:010 para Root(00)
Mensaje * / 00:00:10:010 / Root(00) para top(01)
Mensaje * / 00:00:10:010 / top(01) para tq(02)
Mensaje Y / 00:00:10:010 / tq(02) / outsobject /      1.00000 para top(01)
Mensaje D / 00:00:10:010 / tq(02) / ... para top(01)
Mensaje Y / 00:00:10:010 / top(01) / outsobject /      1.00000 para Root(00)
Mensaje D / 00:00:10:010 / top(01) / ... para Root(00)
Mensaje X / 00:00:18:000 / Root(00) / insobject /      2.00000 para top(01)
Mensaje X / 00:00:18:000 / top(01) / insobject /      2.00000 para tq(02)
Mensaje D / 00:00:18:000 / tq(02) / ... para top(01)
Mensaje D / 00:00:18:000 / top(01) / ... para Root(00)
Mensaje X / 00:00:30:000 / Root(00) / done /      1.00000 para top(01)
Mensaje X / 00:00:30:000 / top(01) / done /      1.00000 para tq(02)
Mensaje D / 00:00:30:000 / tq(02) / 00:00:00:010 para top(01)
Mensaje D / 00:00:30:000 / top(01) / 00:00:00:010 para Root(00)
Mensaje * / 00:00:30:010 / Root(00) para top(01)
Mensaje * / 00:00:30:010 / top(01) para tq(02)
Mensaje Y / 00:00:30:010 / tq(02) / outsobject /      2.00000 para top(01)
Mensaje D / 00:00:30:010 / tq(02) / ... para top(01)
Mensaje Y / 00:00:30:010 / top(01) / outsobject /      2.00000 para Root(00)
Mensaje D / 00:00:30:010 / top(01) / ... para Root(00)
Mensaje X / 00:00:45:000 / Root(00) / registerclient /      3.00000 para top(01)
Mensaje X / 00:00:45:000 / top(01) / registerclient /      3.00000 para tq(02)
Mensaje D / 00:00:45:000 / tq(02) / ... para top(01)
Mensaje D / 00:00:45:000 / top(01) / ... para Root(00)
Mensaje X / 00:00:50:000 / Root(00) / done /      2.00000 para top(01)
Mensaje X / 00:00:50:000 / top(01) / done /      2.00000 para tq(02)
Mensaje D / 00:00:50:000 / tq(02) / 00:00:00:010 para top(01)
Mensaje D / 00:00:50:000 / top(01) / 00:00:00:010 para Root(00)
Mensaje * / 00:00:50:010 / Root(00) para top(01)
Mensaje * / 00:00:50:010 / top(01) para tq(02)
Mensaje Y / 00:00:50:010 / tq(02) / registerc /      3.00000 para top(01)
Mensaje D / 00:00:50:010 / tq(02) / ... para top(01)
Mensaje Y / 00:00:50:010 / top(01) / registerc /      3.00000 para Root(00)
Mensaje D / 00:00:50:010 / top(01) / ... para Root(00)
Mensaje X / 00:00:52:000 / Root(00) / done /      3.00000 para top(01)
Mensaje X / 00:00:52:000 / top(01) / done /      3.00000 para tq(02)
Mensaje D / 00:00:52:000 / tq(02) / ... para top(01)
Mensaje D / 00:00:52:000 / top(01) / ... para Root(00)
