Mensaje I / 00:00:00:000 / Root(00) para top(01)
Mensaje I / 00:00:00:000 / top(01) para gw1(02)
Mensaje I / 00:00:00:000 / top(01) para gwq1(03)
Mensaje D / 00:00:00:000 / gw1(02) / ... para top(01)
Mensaje D / 00:00:00:000 / gwq1(03) / ... para top(01)
Mensaje D / 00:00:00:000 / top(01) / ... para Root(00)
Mensaje X / 00:00:10:000 / Root(00) / inc /      1.00000 para top(01)
Mensaje X / 00:00:10:000 / top(01) / incobject /      1.00000 para gwq1(03)
Mensaje D / 00:00:10:000 / gwq1(03) / 00:00:00:010 para top(01)
Mensaje D / 00:00:10:000 / top(01) / 00:00:00:010 para Root(00)
Mensaje * / 00:00:10:010 / Root(00) para top(01)
Mensaje * / 00:00:10:010 / top(01) para gwq1(03)
Mensaje Y / 00:00:10:010 / gwq1(03) / outcobject /      1.00000 para top(01)
Mensaje D / 00:00:10:010 / gwq1(03) / ... para top(01)
Mensaje X / 00:00:10:010 / top(01) / incobject /      1.00000 para gw1(02)
Mensaje D / 00:00:10:010 / gw1(02) / 00:00:00:100 para top(01)
Mensaje D / 00:00:10:010 / top(01) / 00:00:00:100 para Root(00)
Mensaje * / 00:00:10:110 / Root(00) para top(01)
Mensaje * / 00:00:10:110 / top(01) para gw1(02)
Mensaje Y / 00:00:10:110 / gw1(02) / outcobject /      1.00000 para top(01)
Mensaje D / 00:00:10:110 / gw1(02) / ... para top(01)
Mensaje Y / 00:00:10:110 / top(01) / outc /      1.00000 para Root(00)
Mensaje X / 00:00:10:110 / top(01) / done /      1.00000 para gwq1(03)
Mensaje D / 00:00:10:110 / gwq1(03) / ... para top(01)
Mensaje D / 00:00:10:110 / top(01) / ... para Root(00)
Mensaje X / 00:00:25:000 / Root(00) / ins /      2.00000 para top(01)
Mensaje X / 00:00:25:000 / top(01) / insobject /      2.00000 para gwq1(03)
Mensaje D / 00:00:25:000 / gwq1(03) / 00:00:00:010 para top(01)
Mensaje D / 00:00:25:000 / top(01) / 00:00:00:010 para Root(00)
Mensaje * / 00:00:25:010 / Root(00) para top(01)
Mensaje * / 00:00:25:010 / top(01) para gwq1(03)
Mensaje Y / 00:00:25:010 / gwq1(03) / outsobject /      2.00000 para top(01)
Mensaje D / 00:00:25:010 / gwq1(03) / ... para top(01)
Mensaje X / 00:00:25:010 / top(01) / insobject /      2.00000 para gw1(02)
Mensaje D / 00:00:25:010 / gw1(02) / 00:00:00:100 para top(01)
Mensaje D / 00:00:25:010 / top(01) / 00:00:00:100 para Root(00)
Mensaje * / 00:00:25:110 / Root(00) para top(01)
Mensaje * / 00:00:25:110 / top(01) para gw1(02)
Mensaje Y / 00:00:25:110 / gw1(02) / outsobject /      2.00000 para top(01)
Mensaje D / 00:00:25:110 / gw1(02) / ... para top(01)
Mensaje Y / 00:00:25:110 / top(01) / outs /      2.00000 para Root(00)
Mensaje X / 00:00:25:110 / top(01) / done /      2.00000 para gwq1(03)
Mensaje D / 00:00:25:110 / gwq1(03) / ... para top(01)
Mensaje D / 00:00:25:110 / top(01) / ... para Root(00)
Mensaje X / 00:00:40:000 / Root(00) / handoff /      2.00000 para top(01)
Mensaje X / 00:00:40:000 / top(01) / handoff /      2.00000 para gwq1(03)
Mensaje D / 00:00:40:000 / gwq1(03) / 00:00:00:010 para top(01)
Mensaje D / 00:00:40:000 / top(01) / 00:00:00:010 para Root(00)
Mensaje * / 00:00:40:010 / Root(00) para top(01)
Mensaje * / 00:00:40:010 / top(01) para gwq1(03)
Mensaje Y / 00:00:40:010 / gwq1(03) / registerclient /      2.00000 para top(01)
Mensaje D / 00:00:40:010 / gwq1(03) / ... para top(01)
Mensaje X / 00:00:40:010 / top(01) / handoff /      2.00000 para gw1(02)
Mensaje D / 00:00:40:010 / gw1(02) / 00:00:00:100 para top(01)
Mensaje D / 00:00:40:010 / top(01) / 00:00:00:100 para Root(00)
Mensaje * / 00:00:40:110 / Root(00) para top(01)
Mensaje * / 00:00:40:110 / top(01) para gw1(02)
Mensaje Y / 00:00:40:110 / gw1(02) / registerclient /      2.00000 para top(01)
Mensaje D / 00:00:40:110 / gw1(02) / ... para top(01)
Mensaje Y / 00:00:40:110 / top(01) / register /      2.00000 para Root(00)
Mensaje X / 00:00:40:110 / top(01) / done /      2.00000 para gwq1(03)
Mensaje D / 00:00:40:110 / gwq1(03) / ... para top(01)
Mensaje D / 00:00:40:110 / top(01) / ... para Root(00)
Mensaje X / 00:00:41:000 / Root(00) / inc /      3.00000 para top(01)
Mensaje X / 00:00:41:000 / top(01) / incobject /      3.00000 para gwq1(03)
Mensaje D / 00:00:41:000 / gwq1(03) / 00:00:00:010 para top(01)
Mensaje D / 00:00:41:000 / top(01) / 00:00:00:010 para Root(00)
Mensaje * / 00:00:41:010 / Root(00) para top(01)
Mensaje * / 00:00:41:010 / top(01) para gwq1(03)
Mensaje Y / 00:00:41:010 / gwq1(03) / outcobject /      3.00000 para top(01)
Mensaje D / 00:00:41:010 / gwq1(03) / ... para top(01)
Mensaje X / 00:00:41:010 / top(01) / incobject /      3.00000 para gw1(02)
Mensaje D / 00:00:41:010 / gw1(02) / 00:00:00:100 para top(01)
Mensaje D / 00:00:41:010 / top(01) / 00:00:00:100 para Root(00)
Mensaje X / 00:00:41:030 / Root(00) / ins /      4.00000 para top(01)
Mensaje X / 00:00:41:030 / top(01) / insobject /      4.00000 para gwq1(03)
Mensaje D / 00:00:41:030 / gwq1(03) / ... para top(01)
Mensaje D / 00:00:41:030 / top(01) / 00:00:00:080 para Root(00)
Mensaje * / 00:00:41:110 / Root(00) para top(01)
Mensaje * / 00:00:41:110 / top(01) para gw1(02)
Mensaje Y / 00:00:41:110 / gw1(02) / outcobject /      3.00000 para top(01)
Mensaje D / 00:00:41:110 / gw1(02) / ... para top(01)
Mensaje Y / 00:00:41:110 / top(01) / outc /      3.00000 para Root(00)
Mensaje X / 00:00:41:110 / top(01) / done /      3.00000 para gwq1(03)
Mensaje D / 00:00:41:110 / gwq1(03) / 00:00:00:010 para top(01)
Mensaje D / 00:00:41:110 / top(01) / 00:00:00:010 para Root(00)
Mensaje * / 00:00:41:120 / Root(00) para top(01)
Mensaje * / 00:00:41:120 / top(01) para gwq1(03)
Mensaje Y / 00:00:41:120 / gwq1(03) / outsobject /      4.00000 para top(01)
Mensaje D / 00:00:41:120 / gwq1(03) / ... para top(01)
Mensaje X / 00:00:41:120 / top(01) / insobject /      4.00000 para gw1(02)
Mensaje D / 00:00:41:120 / gw1(02) / 00:00:00:100 para top(01)
Mensaje D / 00:00:41:120 / top(01) / 00:00:00:100 para Root(00)
Mensaje * / 00:00:41:220 / Root(00) para top(01)
Mensaje * / 00:00:41:220 / top(01) para gw1(02)
Mensaje Y / 00:00:41:220 / gw1(02) / outsobject /      4.00000 para top(01)
Mensaje D / 00:00:41:220 / gw1(02) / ... para top(01)
Mensaje Y / 00:00:41:220 / top(01) / outs /      4.00000 para Root(00)
Mensaje X / 00:00:41:220 / top(01) / done /      4.00000 para gwq1(03)
Mensaje D / 00:00:41:220 / gwq1(03) / ... para top(01)
Mensaje D / 00:00:41:220 / top(01) / ... para Root(00)
Mensaje X / 00:01:40:000 / Root(00) / inc /      5.00000 para top(01)
Mensaje X / 00:01:40:000 / top(01) / incobject /      5.00000 para gwq1(03)
Mensaje D / 00:01:40:000 / gwq1(03) / 00:00:00:010 para top(01)
Mensaje D / 00:01:40:000 / top(01) / 00:00:00:010 para Root(00)
Mensaje * / 00:01:40:010 / Root(00) para top(01)
Mensaje * / 00:01:40:010 / top(01) para gwq1(03)
Mensaje Y / 00:01:40:010 / gwq1(03) / outcobject /      5.00000 para top(01)
Mensaje D / 00:01:40:010 / gwq1(03) / ... para top(01)
Mensaje X / 00:01:40:010 / top(01) / incobject /      5.00000 para gw1(02)
Mensaje D / 00:01:40:010 / gw1(02) / 00:00:00:100 para top(01)
Mensaje D / 00:01:40:010 / top(01) / 00:00:00:100 para Root(00)
Mensaje * / 00:01:40:110 / Root(00) para top(01)
Mensaje * / 00:01:40:110 / top(01) para gw1(02)
Mensaje Y / 00:01:40:110 / gw1(02) / outcobject /      5.00000 para top(01)
Mensaje D / 00:01:40:110 / gw1(02) / ... para top(01)
Mensaje Y / 00:01:40:110 / top(01) / outc /      5.00000 para Root(00)
Mensaje X / 00:01:40:110 / top(01) / done /      5.00000 para gwq1(03)
Mensaje D / 00:01:40:110 / gwq1(03) / ... para top(01)
Mensaje D / 00:01:40:110 / top(01) / ... para Root(00)
